2026/04/02 10:40:17 [notice] 1#1: using the "epoll" event method
2026/04/02 10:40:17 [notice] 1#1: nginx/1.29.5
2026/04/02 10:40:17 [notice] 1#1: built by gcc 15.2.0 (Alpine 15.2.0) 
2026/04/02 10:40:17 [notice] 1#1: OS: Linux 6.8.0-106-generic
2026/04/02 10:40:17 [notice] 1#1: getrlimit(RLIMIT_NOFILE): 1024:524288
2026/04/02 10:40:17 [notice] 1#1: start worker processes
2026/04/02 10:40:17 [notice] 1#1: start worker process 30
2026/04/02 10:40:17 [notice] 1#1: start worker process 31
2026/04/02 12:54:34 [notice] 1#1: signal 3 (SIGQUIT) received, shutting down
2026/04/02 12:54:34 [notice] 30#30: gracefully shutting down
2026/04/02 12:54:34 [notice] 30#30: exiting
2026/04/02 12:54:34 [notice] 30#30: exit
2026/04/02 12:54:34 [notice] 31#31: gracefully shutting down
2026/04/02 12:54:34 [notice] 31#31: exiting
2026/04/02 12:54:34 [notice] 31#31: exit
2026/04/02 12:54:34 [notice] 1#1: signal 17 (SIGCHLD) received from 30
2026/04/02 12:54:34 [notice] 1#1: worker process 30 exited with code 0
2026/04/02 12:54:34 [notice] 1#1: signal 29 (SIGIO) received
2026/04/02 12:54:34 [notice] 1#1: signal 17 (SIGCHLD) received from 31
2026/04/02 12:54:34 [notice] 1#1: worker process 31 exited with code 0
2026/04/02 12:54:34 [notice] 1#1: exit
2026/04/02 12:56:26 [notice] 1#1: using the "epoll" event method
2026/04/02 12:56:26 [notice] 1#1: nginx/1.29.5
2026/04/02 12:56:26 [notice] 1#1: built by gcc 15.2.0 (Alpine 15.2.0) 
2026/04/02 12:56:26 [notice] 1#1: OS: Linux 6.8.0-106-generic
2026/04/02 12:56:26 [notice] 1#1: getrlimit(RLIMIT_NOFILE): 1024:524288
2026/04/02 12:56:26 [notice] 1#1: start worker processes
2026/04/02 12:56:26 [notice] 1#1: start worker process 30
2026/04/02 12:56:26 [notice] 1#1: start worker process 31
2026/04/02 12:59:55 [notice] 1#1: signal 3 (SIGQUIT) received, shutting down
2026/04/02 12:59:55 [notice] 30#30: gracefully shutting down
2026/04/02 12:59:55 [notice] 30#30: exiting
2026/04/02 12:59:55 [notice] 31#31: gracefully shutting down
2026/04/02 12:59:55 [notice] 31#31: exiting
2026/04/02 12:59:55 [notice] 30#30: exit
2026/04/02 12:59:55 [notice] 31#31: exit
2026/04/02 12:59:55 [notice] 1#1: signal 17 (SIGCHLD) received from 31
2026/04/02 12:59:55 [notice] 1#1: worker process 30 exited with code 0
2026/04/02 12:59:55 [notice] 1#1: worker process 31 exited with code 0
2026/04/02 12:59:55 [notice] 1#1: exit
2026/04/02 13:02:40 [notice] 1#1: using the "epoll" event method
2026/04/02 13:02:40 [notice] 1#1: nginx/1.29.5
2026/04/02 13:02:40 [notice] 1#1: built by gcc 15.2.0 (Alpine 15.2.0) 
2026/04/02 13:02:40 [notice] 1#1: OS: Linux 6.8.0-106-generic
2026/04/02 13:02:40 [notice] 1#1: getrlimit(RLIMIT_NOFILE): 1024:524288
2026/04/02 13:02:40 [notice] 1#1: start worker processes
2026/04/02 13:02:40 [notice] 1#1: start worker process 30
2026/04/02 13:02:40 [notice] 1#1: start worker process 31
